Построение начато 25.04.2015 14:47:57.
Проект "C:\6sem\OS\Lab2Stream\Lab2Stream\Lab2Stream.vcxproj" в узле 2 (целевые объекты build).
InitializeBuildStatus:
  Обращение к "Debug\Lab2Stream.unsuccessfulbuild".
ClCompile:
  Для всех выходных данных обновления не требуется.
  C:\Program Files\Microsoft Visual Studio 10.0\VC\bin\CL.exe /c /ZI /nologo /W3 /WX- /Od /Oy- /D WIN32 /D _DEBUG /D _WINDOWS /D _UNICODE /D UNICODE /Gm /EHsc /RTC1 /MDd /GS /fp:precise /Zc:wchar_t /Zc:forScope /Yu"StdAfx.h" /Fp"Debug\Lab2Stream.pch" /Fo"Debug\\" /Fd"Debug\vc100.pdb" /Gd /TP /analyze- /errorReport:prompt Lab2Stream.cpp
  Lab2Stream.cpp
c:\6sem\os\lab2stream\lab2stream\lab2stream.cpp(437): warning C4244: =: преобразование "double" в "GLfloat", возможна потеря данных
c:\6sem\os\lab2stream\lab2stream\lab2stream.cpp(439): warning C4244: =: преобразование "double" в "GLfloat", возможна потеря данных
c:\6sem\os\lab2stream\lab2stream\lab2stream.cpp(441): warning C4244: =: преобразование "double" в "GLfloat", возможна потеря данных
c:\6sem\os\lab2stream\lab2stream\lab2stream.cpp(505): warning C4244: =: преобразование "double" в "float", возможна потеря данных
c:\6sem\os\lab2stream\lab2stream\lab2stream.cpp(506): warning C4244: =: преобразование "double" в "float", возможна потеря данных
c:\6sem\os\lab2stream\lab2stream\lab2stream.cpp(507): warning C4244: =: преобразование "double" в "float", возможна потеря данных
c:\6sem\os\lab2stream\lab2stream\lab2stream.cpp(512): warning C4244: =: преобразование "double" в "float", возможна потеря данных
c:\6sem\os\lab2stream\lab2stream\lab2stream.cpp(513): warning C4244: =: преобразование "double" в "float", возможна потеря данных
c:\6sem\os\lab2stream\lab2stream\lab2stream.cpp(514): warning C4244: =: преобразование "double" в "float", возможна потеря данных
c:\6sem\os\lab2stream\lab2stream\lab2stream.cpp(518): warning C4244: =: преобразование "double" в "float", возможна потеря данных
c:\6sem\os\lab2stream\lab2stream\lab2stream.cpp(519): warning C4244: =: преобразование "double" в "float", возможна потеря данных
c:\6sem\os\lab2stream\lab2stream\lab2stream.cpp(520): warning C4244: =: преобразование "double" в "float", возможна потеря данных
c:\6sem\os\lab2stream\lab2stream\lab2stream.cpp(523): warning C4244: =: преобразование "double" в "float", возможна потеря данных
c:\6sem\os\lab2stream\lab2stream\lab2stream.cpp(524): warning C4244: =: преобразование "double" в "float", возможна потеря данных
c:\6sem\os\lab2stream\lab2stream\lab2stream.cpp(525): warning C4244: =: преобразование "double" в "float", возможна потеря данных
c:\6sem\os\lab2stream\lab2stream\lab2stream.cpp(444): warning C4101: indexBuffer: неиспользованная локальная переменная
ResourceCompile:
  Для всех выходных данных обновления не требуется.
ManifestResourceCompile:
  Для всех выходных данных обновления не требуется.
Link:
  C:\Program Files\Microsoft Visual Studio 10.0\VC\bin\link.exe /ERRORREPORT:PROMPT /OUT:"C:\6sem\OS\Lab2Stream\Debug\Lab2Stream.exe" /INCREMENTAL /NOLOGO kernel32.lib user32.lib gdi32.lib winspool.lib comdlg32.lib advapi32.lib shell32.lib ole32.lib oleaut32.lib uuid.lib odbc32.lib odbccp32.lib /MANIFEST /ManifestFile:"Debug\Lab2Stream.exe.intermediate.manifest" /MANIFESTUAC:"level='asInvoker' uiAccess='false'" /DEBUG /PDB:"C:\6sem\OS\Lab2Stream\Debug\Lab2Stream.pdb" /SUBSYSTEM:WINDOWS /TLBID:1 /DYNAMICBASE /NXCOMPAT /IMPLIB:"C:\6sem\OS\Lab2Stream\Debug\Lab2Stream.lib" /MACHINE:X86 Debug\Lab2Stream.res
  Debug\Lab2Stream.exe.embed.manifest.res
  Debug\Lab2Stream.obj
  Debug\stdafx.obj
Manifest:
  C:\Program Files\Microsoft SDKs\Windows\v7.0A\bin\mt.exe /nologo /verbose /out:"Debug\Lab2Stream.exe.embed.manifest" /manifest Debug\Lab2Stream.exe.intermediate.manifest
  Для всех выходных данных обновления не требуется.
LinkEmbedManifest:
  Для всех выходных данных обновления не требуется.
  Lab2Stream.vcxproj -> C:\6sem\OS\Lab2Stream\Debug\Lab2Stream.exe
FinalizeBuildStatus:
  Файл "Debug\Lab2Stream.unsuccessfulbuild" удаляется.
  Обращение к "Debug\Lab2Stream.lastbuildstate".
Построение проекта "C:\6sem\OS\Lab2Stream\Lab2Stream\Lab2Stream.vcxproj" завершено (целевые объекты build).

Построение успешно завершено.

Затраченное время: 00:00:04.50
